<?xml version="1.0" encoding="utf-8"?><testsuites name="pytest tests"><testsuite name="pytest" errors="0" failures="0" skipped="0" tests="63" time="3.368" timestamp="2026-09-17T23:29:07.153653+00:00" hostname="localhost"><testcase classname="tests.test_artifacts" name="test_model_metadata_hash_and_holdout_reproduction" time="0.142" /><testcase classname="tests.test_artifacts" name="test_imputation_statistics_come_from_train_only" time="0.018" /><testcase classname="tests.test_artifacts" name="test_monitoring_reference_matches_train_histograms" time="0.010" /><testcase classname="tests.test_artifacts" name="test_benchmark_prompt_hashes_and_answers_are_honest" time="0.002" /><testcase classname="tests.test_artifacts" name="test_dockerfiles_match_and_package_artifact" time="0.001" /><testcase classname="tests.test_artifacts" name="test_all_json_outputs_are_standard_json" time="0.004" /><testcase classname="tests.test_features" name="test_feature_module_exists" time="0.000" /><testcase classname="tests.test_features" name="test_business_formulas" time="0.008" /><testcase classname="tests.test_features" name="test_missing_values_preserved_until_imputer" time="0.006" /><testcase classname="tests.test_features" name="test_zero_denominator_finite_and_input_unchanged" time="0.008" /><testcase classname="tests.test_features" name="test_pipeline_imputes_unknown_categories_without_leakage" time="0.028" /><testcase classname="tests.test_features" name="test_target_is_rejected" time="0.002" /><testcase classname="tests.test_generation_transport" name="test_ollama_native_http_contract" time="0.011" /><testcase classname="tests.test_generation_transport" name="test_service_error_is_not_an_abstention" time="0.002" /><testcase classname="tests.test_generation_transport" name="test_url_protocol_rejected" time="0.000" /><testcase classname="tests.test_generation_transport" name="test_length_truncated_generation_is_rejected" time="0.001" /><testcase classname="tests.test_monitoring" name="test_monitoring_module_exists" time="0.000" /><testcase classname="tests.test_monitoring" name="test_psi_equal_zero_and_shift_positive" time="0.001" /><testcase classname="tests.test_monitoring" name="test_reference_bins_include_extremes_missing" time="0.001" /><testcase classname="tests.test_pipeline" name="test_pipeline_module_exists" time="0.001" /><testcase classname="tests.test_pipeline" name="test_gold_evidence_is_real_and_complete" time="0.121" /><testcase classname="tests.test_pipeline" name="test_missing_generation_remains_missing" time="0.076" /><testcase classname="tests.test_pipeline" name="test_reference_answers_cannot_be_imported_as_live_generation" time="0.073" /><testcase classname="tests.test_pipeline" name="test_ingestion_cli_rejects_incomplete_subject_corpus" time="0.003" /><testcase classname="tests.test_rag" name="test_rag_modules_exist" time="0.000" /><testcase classname="tests.test_rag" name="test_tokenizer_preserves_negation_and_numbers" time="0.001" /><testcase classname="tests.test_rag" name="test_rrf_has_no_duplicate_and_is_deterministic" time="0.001" /><testcase classname="tests.test_rag" name="test_index_reload_and_empty_query" time="0.015" /><testcase classname="tests.test_rag" name="test_index_detects_tampering" time="0.007" /><testcase classname="tests.test_rag" name="test_filter_keeps_faq_and_requested_product" time="0.009" /><testcase classname="tests.test_rag" name="test_bad_top_k_and_mode" time="0.009" /><testcase classname="tests.test_rag" name="test_context_metric_definitions" time="0.000" /><testcase classname="tests.test_rag" name="test_prompt_citations_and_no_context" time="0.000" /><testcase classname="tests.test_rag" name="test_real_corpus_integrity_and_cross_page_faq" time="0.956" /><testcase classname="partie3_mlops.tests.test_api" name="test_api_module_exists" time="0.001" /><testcase classname="partie3_mlops.tests.test_api" name="test_health_and_predict" time="0.070" /><testcase classname="partie3_mlops.tests.test_api" name="test_invalid_input_422[age-45]" time="0.012" /><testcase classname="partie3_mlops.tests.test_api" name="test_invalid_input_422[age-True]" time="0.011" /><testcase classname="partie3_mlops.tests.test_api" name="test_invalid_input_422[nb_sinistres_12m-1.5]" time="0.011" /><testcase classname="partie3_mlops.tests.test_api" name="test_invalid_input_422[prime_mensuelle_eur-cent]" time="0.012" /><testcase classname="partie3_mlops.tests.test_api" name="test_invalid_input_422[prime_mensuelle_eur--1]" time="0.012" /><testcase classname="partie3_mlops.tests.test_api" name="test_invalid_input_422[prime_mensuelle_eur-True]" time="0.014" /><testcase classname="partie3_mlops.tests.test_api" name="test_invalid_input_422[score_satisfaction-6]" time="0.012" /><testcase classname="partie3_mlops.tests.test_api" name="test_invalid_input_422[resiliation_anterieure-True]" time="0.011" /><testcase classname="partie3_mlops.tests.test_api" name="test_invalid_input_422[resiliation_anterieure-2]" time="0.012" /><testcase classname="partie3_mlops.tests.test_api" name="test_invalid_input_422[date_souscription-2024-02-31]" time="0.010" /><testcase classname="partie3_mlops.tests.test_api" name="test_invalid_input_422[profession-]" time="0.011" /><testcase classname="partie3_mlops.tests.test_api" name="test_missing_required[age]" time="0.012" /><testcase classname="partie3_mlops.tests.test_api" name="test_missing_required[prime_mensuelle_eur]" time="0.010" /><testcase classname="partie3_mlops.tests.test_api" name="test_missing_required[client_id]" time="0.011" /><testcase classname="partie3_mlops.tests.test_api" name="test_non_finite_json_rejected_without_server_error[NaN]" time="0.012" /><testcase classname="partie3_mlops.tests.test_api" name="test_non_finite_json_rejected_without_server_error[Infinity]" time="0.011" /><testcase classname="partie3_mlops.tests.test_api" name="test_non_finite_json_rejected_without_server_error[-Infinity]" time="0.012" /><testcase classname="partie3_mlops.tests.test_api" name="test_extra_forbidden[churned]" time="0.013" /><testcase classname="partie3_mlops.tests.test_api" name="test_extra_forbidden[unexpected]" time="0.011" /><testcase classname="partie3_mlops.tests.test_api" name="test_nulls_and_unknown_category" time="0.027" /><testcase classname="partie3_mlops.tests.test_api" name="test_optional_missing_allowed" time="0.028" /><testcase classname="partie3_mlops.tests.test_api" name="test_chronological_error" time="0.011" /><testcase classname="partie3_mlops.tests.test_api" name="test_same_pipeline_probability" time="0.038" /><testcase classname="partie3_mlops.tests.test_api" name="test_missing_model_is_unhealthy" time="0.011" /><testcase classname="partie3_mlops.tests.test_api" name="test_corrupt_model_is_unhealthy" time="0.007" /><testcase classname="partie3_mlops.tests.test_api" name="test_risk_boundaries" time="0.001" /><testcase classname="partie3_mlops.tests.test_api" name="test_prediction_log_is_jsonl_and_minimizes_identifier" time="0.025" /></testsuite></testsuites>